C51 COMPILER V9.60.7.0   MAIN                                                              10/18/2025 10:48:30 PAGE 1   


C51 COMPILER V9.60.7.0, COMPILATION OF MODULE MAIN
OBJECT MODULE PLACED IN .\Objects\main.obj
COMPILER INVOKED BY: B:\keil5\C51\BIN\C51.EXE main.c OPTIMIZE(8,SPEED) BROWSE DEBUG OBJECTEXTEND PRINT(.\Listings\main.l
                    -st) TABS(2) OBJECT(.\Objects\main.obj)

line level    source

   1          #include <REGX52.H>
   2          #include "smg.h"
   3          #include "Clean.h"
   4          #include "Timer0.h"
   5          #include "function.h"
*** WARNING C318 IN LINE 5 OF main.c: can't open file 'function.h'
   6          void main()
   7          {
   8   1          while(1)
   9   1          {
  10   2              smg_display_time();
*** WARNING C206 IN LINE 10 OF main.c: 'smg_display_time': missing function-prototype
  11   2          }
  12   1      }


MODULE INFORMATION:   STATIC OVERLAYABLE
   CODE SIZE        =      5    ----
   CONSTANT SIZE    =   ----    ----
   XDATA SIZE       =   ----    ----
   PDATA SIZE       =   ----    ----
   DATA SIZE        =   ----    ----
   IDATA SIZE       =   ----    ----
   BIT SIZE         =   ----    ----
END OF MODULE INFORMATION.


C51 COMPILATION COMPLETE.  2 WARNING(S),  0 ERROR(S)
