C51 COMPILER V9.60.7.0   KEY                                                               10/12/2025 00:07:42 PAGE 1   


C51 COMPILER V9.60.7.0, COMPILATION OF MODULE KEY
OBJECT MODULE PLACED IN .\Objects\Key.obj
COMPILER INVOKED BY: B:\keil5\C51\BIN\C51.EXE Key.c OPTIMIZE(8,SPEED) BROWSE DEBUG OBJECTEXTEND PRINT(.\Listings\Key.lst
                    -) TABS(2) OBJECT(.\Objects\Key.obj)

line level    source

   1          #include <REGX52.H>
   2          #include "Delay.h"
   3          
   4          sbit Buzzer=P2^5;
   5          unsigned int i;
   6          
   7          unsigned char Key()
   8          {
   9   1        unsigned char KeyNumber = 0;
  10   1        
  11   1        if(P3_1==0)
  12   1        {Delay(20);while(P3_1==0);Delay(20);
  13   2          // for(i=0;i<100;i++)
  14   2          //  {
  15   2          //    Buzzer=!Buzzer;
  16   2          //    Delay(1);
  17   2          //  }
  18   2            KeyNumber=1;
  19   2        }
  20   1        if(P3_0==0)
  21   1        {Delay(20);while(P3_0==0);Delay(20);
  22   2          for(i=0;i<50;i++)
  23   2            {
  24   3              Buzzer=!Buzzer;
  25   3              Delay(2);
  26   3            }
  27   2            KeyNumber=2;}
  28   1        if(P3_2==0){Delay(20);while(P3_2==0);Delay(20);
  29   2          for(i=0;i<25;i++)
  30   2            {
  31   3              Buzzer=!Buzzer;
  32   3              Delay(4);
  33   3            }
  34   2            KeyNumber=3;}
  35   1        if(P3_3==0){Delay(20);while(P3_3==0);Delay(20);
  36   2          for(i=0;i<20;i++)
  37   2            {
  38   3              Buzzer=!Buzzer;
  39   3              Delay(5);
  40   3            }
  41   2            KeyNumber=4;}
  42   1        
  43   1        return KeyNumber;
  44   1      }


MODULE INFORMATION:   STATIC OVERLAYABLE
   CODE SIZE        =    190    ----
   CONSTANT SIZE    =   ----    ----
   XDATA SIZE       =   ----    ----
   PDATA SIZE       =   ----    ----
   DATA SIZE        =      2       1
   IDATA SIZE       =   ----    ----
   BIT SIZE         =   ----    ----
C51 COMPILER V9.60.7.0   KEY                                                               10/12/2025 00:07:42 PAGE 2   

END OF MODULE INFORMATION.


C51 COMPILATION COMPLETE.  0 WARNING(S),  0 ERROR(S)
