C51 COMPILER V9.60.7.0   MAIN                                                              10/12/2025 00:12:52 PAGE 1   


C51 COMPILER V9.60.7.0, COMPILATION OF MODULE MAIN
OBJECT MODULE PLACED IN .\Objects\main.obj
COMPILER INVOKED BY: B:\keil5\C51\BIN\C51.EXE main.c OPTIMIZE(8,SPEED) BROWSE DEBUG OBJECTEXTEND PRINT(.\Listings\main.l
                    -st) TABS(2) OBJECT(.\Objects\main.obj)

line level    source

   1          #include <REGX52.H>
   2          #include "key.h"
   3          #include "delay.h"
   4          #include "timer0.h"
   5          #include "smg.h"
   6          
   7          sbit Motor = P1^0;
   8          
   9          
  10          unsigned char Cont,Compere;
  11          unsigned char keynum,speed;
  12          
  13          void main()
  14          {
  15   1        Timer0_Init100us();
*** WARNING C206 IN LINE 15 OF main.c: 'Timer0_Init100us': missing function-prototype
  16   1        Compere=5;  //5%占空比
  17   1        while(1)
  18   1        {
  19   2          keynum=Key();
  20   2          if(keynum==1)
  21   2          {
  22   3            speed++;
  23   3            speed%=4; 
  24   3            if(speed==0)
  25   3            {
  26   4              Compere=0;
  27   4            }
  28   3            else if(speed==1)
  29   3            {
  30   4              Compere=40;
  31   4            }
  32   3            else if(speed==2)
  33   3            {
  34   4              Compere=69;
  35   4            }
  36   3            else
  37   3            {
  38   4              Compere=100;
  39   4            }
  40   3          }
  41   2          SMG(5,speed);
  42   2        }
  43   1      }
  44          
  45          void Timer0_Routine() interrupt 1
  46          {
  47   1        static unsigned int T0Count=0;
  48   1        
  49   1        TL0 = 0xAE;       //设置定时初始值
  50   1        TH0 = 0xFB;       //设置定时初始值
  51   1        //这里再赋初始值是因为如果第一次溢出之后
  52   1        //寄存器就会从零开始+1；时间就不是100us了
  53   1        
C51 COMPILER V9.60.7.0   MAIN                                                              10/12/2025 00:12:52 PAGE 2   

  54   1        Cont++;
  55   1      
  56   1        Cont%=100;
  57   1        
  58   1        if(Cont<Compere)
  59   1        {
  60   2          Motor=1;
  61   2        }
  62   1        else
  63   1        {
  64   2          Motor=0;
  65   2        }
  66   1      
  67   1      }
*** WARNING C280 IN LINE 47 OF main.c: 'T0Count': unreferenced local variable


MODULE INFORMATION:   STATIC OVERLAYABLE
   CODE SIZE        =    110    ----
   CONSTANT SIZE    =   ----    ----
   XDATA SIZE       =   ----    ----
   PDATA SIZE       =   ----    ----
   DATA SIZE        =      6    ----
   IDATA SIZE       =   ----    ----
   BIT SIZE         =   ----    ----
END OF MODULE INFORMATION.


C51 COMPILATION COMPLETE.  2 WARNING(S),  0 ERROR(S)
