C51 COMPILER V9.60.7.0   FUNCTION                                                          10/18/2025 12:19:27 PAGE 1   


C51 COMPILER V9.60.7.0, COMPILATION OF MODULE FUNCTION
OBJECT MODULE PLACED IN .\Objects\function.obj
COMPILER INVOKED BY: B:\keil5\C51\BIN\C51.EXE function.c OPTIMIZE(8,SPEED) BROWSE DEBUG OBJECTEXTEND PRINT(.\Listings\fu
                    -nction.lst) TABS(2) OBJECT(.\Objects\function.obj)

line level    source

   1          #include <REGX52.H>
   2          #include "Delay.h"
   3          #include "Timer0.h"
   4          #include "smg.h"
   5          #include "Clean.h"
   6          #include "key.h"
   7          
   8          void control_smg()
   9          {
  10   1          unsigned char key;
  11   1          static unsigned char num=0;
  12   1          key=Key();
  13   1          if(key==1)
  14   1          {
  15   2              num++;
  16   2          }
  17   1          if(key==2)
  18   1          {
  19   2              num--;
  20   2          }
  21   1          SMG(7,num/10);
  22   1          SMG(8,num%10);
  23   1      }


MODULE INFORMATION:   STATIC OVERLAYABLE
   CODE SIZE        =     47    ----
   CONSTANT SIZE    =   ----    ----
   XDATA SIZE       =   ----    ----
   PDATA SIZE       =   ----    ----
   DATA SIZE        =      1    ----
   IDATA SIZE       =   ----    ----
   BIT SIZE         =   ----    ----
END OF MODULE INFORMATION.


C51 COMPILATION COMPLETE.  0 WARNING(S),  0 ERROR(S)
