C51 COMPILER V9.60.7.0   FUNCTION                                                          10/18/2025 14:38:37 PAGE 1   


C51 COMPILER V9.60.7.0, COMPILATION OF MODULE FUNCTION
OBJECT MODULE PLACED IN .\Objects\function.obj
COMPILER INVOKED BY: B:\keil5\C51\BIN\C51.EXE function.c OPTIMIZE(8,SPEED) BROWSE DEBUG OBJECTEXTEND PRINT(.\Listings\fu
                    -nction.lst) TABS(2) OBJECT(.\Objects\function.obj)

line level    source

   1          #include <REGX52.H>
   2          #include "lcd1602.h"
   3          
   4          void lcd_display()
   5          {
   6   1              LCD_ShowString(1, 1, "Hello, World!");
   7   1              LCD_ShowString(2, 1, "I LOVE ASC!!");
   8   1      }


MODULE INFORMATION:   STATIC OVERLAYABLE
   CODE SIZE        =     26    ----
   CONSTANT SIZE    =     27    ----
   XDATA SIZE       =   ----    ----
   PDATA SIZE       =   ----    ----
   DATA SIZE        =   ----    ----
   IDATA SIZE       =   ----    ----
   BIT SIZE         =   ----    ----
END OF MODULE INFORMATION.


C51 COMPILATION COMPLETE.  0 WARNING(S),  0 ERROR(S)
