C51 COMPILER V9.60.7.0   MAIN                                                              09/29/2025 20:51:03 PAGE 1   


C51 COMPILER V9.60.7.0, COMPILATION OF MODULE MAIN
OBJECT MODULE PLACED IN .\Objects\main.obj
COMPILER INVOKED BY: B:\keil5\C51\BIN\C51.EXE main.c OPTIMIZE(8,SPEED) BROWSE DEBUG OBJECTEXTEND PRINT(.\Listings\main.l
                    -st) TABS(2) OBJECT(.\Objects\main.obj)

line level    source

   1          #include <REGX52.H>
   2          #include <intrins.h>
   3          
   4          void Delay(int xms) //@12.000MHz
   5          {
   6   1        unsigned char data i, j;
   7   1        while(xms){
   8   2          i = 2;
   9   2          j = 239;
  10   2          do
  11   2          {
  12   3            while (--j);
  13   3          } while (--i);
  14   2          xms--;
  15   2        }
  16   1      }
  17          
  18          void main()
  19          {
  20   1        unsigned char NUMled=0;
  21   1        while(1)
  22   1        {
  23   2          if(P3_1==0)
  24   2          {
  25   3            Delay(100);
  26   3            
  27   3            NUMled++;
  28   3            P2=~NUMled;
  29   3            
  30   3            Delay(50);
  31   3          }
  32   2        }
  33   1      }


MODULE INFORMATION:   STATIC OVERLAYABLE
   CODE SIZE        =     46    ----
   CONSTANT SIZE    =   ----    ----
   XDATA SIZE       =   ----    ----
   PDATA SIZE       =   ----    ----
   DATA SIZE        =   ----    ----
   IDATA SIZE       =   ----    ----
   BIT SIZE         =   ----    ----
END OF MODULE INFORMATION.


C51 COMPILATION COMPLETE.  0 WARNING(S),  0 ERROR(S)
