C51 COMPILER V9.60.7.0   MAIN                                                              09/27/2025 16:05:14 PAGE 1   


C51 COMPILER V9.60.7.0, COMPILATION OF MODULE MAIN
OBJECT MODULE PLACED IN .\Objects\main.obj
COMPILER INVOKED BY: B:\keil5\C51\BIN\C51.EXE main.c OPTIMIZE(8,SPEED) BROWSE DEBUG OBJECTEXTEND PRINT(.\Listings\main.l
                    -st) TABS(2) OBJECT(.\Objects\main.obj)

line level    source

   1          #include <REGX52.H>
   2          #include <INTRINS.H>
   3          
   4          void Delay100ms(void) //@12.000MHz
   5          {
   6   1        unsigned char data i, j;
   7   1      
   8   1        i = 195;
   9   1        j = 138;
  10   1        do
  11   1        {
  12   2          while (--j);
  13   2        } while (--i);
  14   1      }
  15          
  16          
  17          void Delay1000ms(void)  //@12.000MHz
  18          {
  19   1        unsigned char data i, j, k;
  20   1      
  21   1        _nop_();
  22   1        i = 8;
  23   1        j = 154;
  24   1        k = 122;
  25   1        do
  26   1        {
  27   2          do
  28   2          {
  29   3            while (--k);
  30   3          } while (--j);
  31   2        } while (--i);
  32   1      }
  33          
  34          void main()
  35          {
  36   1        while(1)
  37   1        {
  38   2          Delay1000ms();
  39   2          P2= 0xFE; //1111 1110
  40   2          Delay100ms();
  41   2          P2= 0xFD; //1111 1101
  42   2          Delay100ms();
  43   2          P2= 0xFB; //1111 1011
  44   2          Delay100ms();
  45   2          P2= 0xF7; //1111 0111
  46   2          Delay100ms();
  47   2          P2= 0xef; //1110 1111
  48   2          Delay100ms();
  49   2          P2= 0xdf; //1101 1111
  50   2          Delay100ms();
  51   2          P2= 0xbf; //1011 1111
  52   2          Delay100ms();
  53   2          P2= 0x7f; //0111 1111
  54   2          Delay100ms();
C51 COMPILER V9.60.7.0   MAIN                                                              09/27/2025 16:05:14 PAGE 2   

  55   2          P2= 0x00; //0000 0000
  56   2          Delay1000ms();
  57   2          P2= 0x18; //0001 1000
  58   2          Delay100ms();
  59   2          P2= 0x3c; //0011 1100
  60   2          Delay100ms();
  61   2          P2= 0x7e; //0111 1110
  62   2          Delay100ms();
  63   2          P2= 0xFF; //1111 1111
  64   2          Delay100ms();
  65   2          P2= 0x7e; //0111 1110
  66   2          Delay100ms();
  67   2          P2= 0x3c; //0011 1100
  68   2          Delay100ms();
  69   2          P2= 0x18; //0001 1000
  70   2          Delay100ms();
  71   2          P2= 0x00; //0000 0000
  72   2          Delay100ms();
  73   2        }
  74   1        
  75   1      }


MODULE INFORMATION:   STATIC OVERLAYABLE
   CODE SIZE        =    123    ----
   CONSTANT SIZE    =   ----    ----
   XDATA SIZE       =   ----    ----
   PDATA SIZE       =   ----    ----
   DATA SIZE        =   ----    ----
   IDATA SIZE       =   ----    ----
   BIT SIZE         =   ----    ----
END OF MODULE INFORMATION.


C51 COMPILATION COMPLETE.  0 WARNING(S),  0 ERROR(S)
