C51 COMPILER V9.60.7.0   MAIN                                                              10/02/2025 12:06:11 PAGE 1   


C51 COMPILER V9.60.7.0, COMPILATION OF MODULE MAIN
OBJECT MODULE PLACED IN .\Objects\main.obj
COMPILER INVOKED BY: B:\keil5\C51\BIN\C51.EXE main.c OPTIMIZE(8,SPEED) BROWSE DEBUG OBJECTEXTEND PRINT(.\Listings\main.l
                    -st) TABS(2) OBJECT(.\Objects\main.obj)

line level    source

   1          #include <REGX52.H>
   2          #include "Delay.h"
   3          #include "Mixtri Keyboard.h"
   4          #include "LCD1602.h"
   5          
   6          void main(void)
   7          {
   8   1          char key_num=-1;
   9   1          int column = 1;
  10   1      
  11   1          LCD_Init();
  12   1          LCD_ShowString(1,1,"Hello World!");
  13   1          Delay(750);
  14   1          LCD_Init();
  15   1          LCD_ShowString(1,1,"Password: ");
  16   1      
  17   1          while(1)
  18   1          {
  19   2              key_num = Mix_key_num();
  20   2              if(key_num != -1)
  21   2              {
  22   3                  LCD_ShowNum(2,column++,key_num,1);
  23   3              }
  24   2              if(column > 6) 
  25   2              {
  26   3                LCD_ShowString(2,1,"Wrong!!");
  27   3                Delay(1000);
  28   3                column = 1;
  29   3                LCD_Init();
  30   3                LCD_ShowString(1,1,"Password: ");
  31   3              }
  32   2          }
  33   1      }


MODULE INFORMATION:   STATIC OVERLAYABLE
   CODE SIZE        =    139    ----
   CONSTANT SIZE    =     32    ----
   XDATA SIZE       =   ----    ----
   PDATA SIZE       =   ----    ----
   DATA SIZE        =   ----       3
   IDATA SIZE       =   ----    ----
   BIT SIZE         =   ----    ----
END OF MODULE INFORMATION.


C51 COMPILATION COMPLETE.  0 WARNING(S),  0 ERROR(S)
