C51 COMPILER V9.60.7.0   MAIN                                                              10/11/2025 21:34:28 PAGE 1   


C51 COMPILER V9.60.7.0, COMPILATION OF MODULE MAIN
OBJECT MODULE PLACED IN .\Objects\main.obj
COMPILER INVOKED BY: B:\keil5\C51\BIN\C51.EXE main.c OPTIMIZE(8,SPEED) BROWSE DEBUG OBJECTEXTEND PRINT(.\Listings\main.l
                    -st) TABS(2) OBJECT(.\Objects\main.obj)

line level    source

   1          #include <REGX52.H>
   2          
   3          unsigned int i,j;
   4          void delay(unsigned int t)
   5          {
   6   1        while(t--);
   7   1      }
   8          
   9          void main()
  10          {
  11   1        while(1)
  12   1        {
  13   2          for(i=0;i<100;i++)
  14   2          {
  15   3            for(j=0;j<20;j++)
  16   3            {
  17   4              P2=0xff;
  18   4            delay(100-i);
  19   4            P2=0x00;
  20   4            delay(i);
  21   4            }
  22   3          }
  23   2          for(i=0;i<100;i++)
  24   2          {
  25   3            for(j=0;j<40;j++)
  26   3            {
  27   4              P2=0x00;
  28   4            delay(100-i);
  29   4            P2=0xff;
  30   4            delay(i);
  31   4            }
  32   3          }
  33   2          
  34   2        }
  35   1      }


MODULE INFORMATION:   STATIC OVERLAYABLE
   CODE SIZE        =    145    ----
   CONSTANT SIZE    =   ----    ----
   XDATA SIZE       =   ----    ----
   PDATA SIZE       =   ----    ----
   DATA SIZE        =      4    ----
   IDATA SIZE       =   ----    ----
   BIT SIZE         =   ----    ----
END OF MODULE INFORMATION.


C51 COMPILATION COMPLETE.  0 WARNING(S),  0 ERROR(S)
