C51 COMPILER V9.60.7.0   MATRIXLED                                                         10/07/2025 18:00:42 PAGE 1   


C51 COMPILER V9.60.7.0, COMPILATION OF MODULE MATRIXLED
OBJECT MODULE PLACED IN .\Objects\MatrixLED.obj
COMPILER INVOKED BY: B:\keil5\C51\BIN\C51.EXE MatrixLED.c OPTIMIZE(8,SPEED) BROWSE DEBUG OBJECTEXTEND PRINT(.\Listings\M
                    -atrixLED.lst) TABS(2) OBJECT(.\Objects\MatrixLED.obj)

line level    source

   1          #include <REGX52.H>
   2          #include "delay.h"
   3          
   4          #define  MatrixLED_Port   P0 
   5              sbit RCK=P3^5; //RCLK
   6              sbit SCK=P3^6; //SRCLK
   7              sbit SER=P3^4; //SER
   8          void MATRIXLED_Init()
   9          {
  10   1      
  11   1      }
  12          
  13          /*
  14          *@brief 74HC595写入一个字节
  15          *@param dat:要写入的数据
  16          */
  17          void _74HC595_WriteByte(unsigned char dat)
  18          {
  19   1        unsigned char i;
  20   1        for(i=0;i<8;i++)
  21   1        {
  22   2          SCK=0;
  23   2          SER=dat&(0x80>>i);
  24   2          SCK=1;
  25   2        }
  26   1        RCK=1;
  27   1        RCK=0;
  28   1      }
  29          
  30          /*
  31          *@brief 显示某一列
  32          *@param column:列号(0~7) Data:要显示的数据
  33          */
  34          void MatrixLED_ShowColumn(unsigned char column,unsigned char Data)
  35          {
  36   1        _74HC595_WriteByte(Data);
  37   1        MatrixLED_Port =~(0x80>>column);
  38   1        Delay(1);
  39   1        MatrixLED_Port =0xff;
  40   1      }


MODULE INFORMATION:   STATIC OVERLAYABLE
   CODE SIZE        =     82    ----
   CONSTANT SIZE    =   ----    ----
   XDATA SIZE       =   ----    ----
   PDATA SIZE       =   ----    ----
   DATA SIZE        =   ----    ----
   IDATA SIZE       =   ----    ----
   BIT SIZE         =   ----    ----
END OF MODULE INFORMATION.


C51 COMPILATION COMPLETE.  0 WARNING(S),  0 ERROR(S)
