C51 COMPILER V9.60.7.0   DELAY                                                             10/18/2025 20:22:55 PAGE 1   


C51 COMPILER V9.60.7.0, COMPILATION OF MODULE DELAY
OBJECT MODULE PLACED IN .\Objects\Delay.obj
COMPILER INVOKED BY: B:\keil5\C51\BIN\C51.EXE Delay.c OPTIMIZE(8,SPEED) BROWSE DEBUG OBJECTEXTEND PRINT(.\Listings\Delay
                    -.lst) TABS(2) OBJECT(.\Objects\Delay.obj)

line level    source

   1          #include <REGX52.H>
   2          #include <intrins.h>
   3          /*
   4          *@brief: Delay function
   5          *@param: times - time in milliseconds
   6          */
   7          void Delayms(unsigned int times)  //@11.0592MHz
   8          {
   9   1        unsigned char data i, j;
  10   1      
  11   1        _nop_();
  12   1          while (times--)
  13   1          {
  14   2              i = 2;
  15   2              j = 199;
  16   2              do
  17   2              {
  18   3                  while (--j);
  19   3              } while (--i);
  20   2          }
  21   1      }
  22          
  23          /*
  24          *@brief: Delay function
  25          *@param: times - time in 10 microseconds
  26          */
  27          void Delay10us(unsigned char times) //@11.0592MHz
  28          {
  29   1        unsigned char data i;
  30   1          while (times--)
  31   1          {
  32   2              i = 2;
  33   2              while (--i);
  34   2          }
  35   1      }


MODULE INFORMATION:   STATIC OVERLAYABLE
   CODE SIZE        =     37    ----
   CONSTANT SIZE    =   ----    ----
   XDATA SIZE       =   ----    ----
   PDATA SIZE       =   ----    ----
   DATA SIZE        =   ----    ----
   IDATA SIZE       =   ----    ----
   BIT SIZE         =   ----    ----
END OF MODULE INFORMATION.


C51 COMPILATION COMPLETE.  0 WARNING(S),  0 ERROR(S)
