C51 COMPILER V9.60.7.0   FUNCTION                                                          10/18/2025 21:02:34 PAGE 1   


C51 COMPILER V9.60.7.0, COMPILATION OF MODULE FUNCTION
OBJECT MODULE PLACED IN .\Objects\function.obj
COMPILER INVOKED BY: B:\keil5\C51\BIN\C51.EXE function.c OPTIMIZE(8,SPEED) BROWSE DEBUG OBJECTEXTEND PRINT(.\Listings\fu
                    -nction.lst) TABS(2) OBJECT(.\Objects\function.obj)

line level    source

   1          #include <REGX52.H>
   2          #include "Timer0.h"
   3          #include "smg.h"
   4          #include "Clean.h"
   5          #include "Delay.h"
   6          #include "Mixtri Keyboard.h"
   7          #include "matrixled.h"
   8          #include "key.h"
   9          #include "lcd1602.h"
  10          #include "xpt2046.h"
  11          #include "uart.h"
  12          
  13          
  14          unsigned char stream_i=0;
  15          
  16          
  17          /*
  18          *@brief  非阻塞流水灯函数
  19          */
  20          void led_stream()
  21          {
  22   1          if(stream_i>=8)
  23   1          {
  24   2              stream_i=0;
  25   2          }
  26   1          P2=~(0x01<<stream_i);
  27   1          
  28   1      }
  29          
  30          /*
  31          * @brief  数码管显示时间函数
  32          */
  33          unsigned char hh,mm,ss;
  34          
  35          void smg_display_time()
  36          {
  37   1          Timer0_Init();//初始化定时器0
  38   1              if(ss>=60)
  39   1              {
  40   2                  ss=0;
  41   2                  mm++;
  42   2                  if(mm>=60)
  43   2                  {
  44   3                      mm=0;
  45   3                      hh++;
  46   3                      if(hh>=24)
  47   3                      {
  48   4                          hh=0;
  49   4                      }
  50   3                  }
  51   2              }
  52   1          SMG(1,hh/10);
  53   1          SMG(2,hh%10);
  54   1          SMG(4,mm/10);
C51 COMPILER V9.60.7.0   FUNCTION                                                          10/18/2025 21:02:34 PAGE 2   

  55   1          SMG(5,mm%10);
  56   1          SMG(7,ss/10);
  57   1          SMG(8,ss%10);
  58   1      }
  59          
  60          /**@brief  按键操控数码管显示函数
  61          */
  62          void control_smg()
  63          {
  64   1          unsigned char key;
  65   1          static unsigned char num=0;
  66   1          key=Key();
  67   1          if(key==3)
  68   1          {
  69   2              num++;
  70   2          }
  71   1          if(key==4)
  72   1          {
  73   2              num--;
  74   2          }
  75   1          SMG(7,num/10);
  76   1          SMG(8,num%10);
  77   1      }
  78          
  79          
  80          /*
  81          *@brief  控制点阵显示函数
  82          */
  83          // 合并数字图案为二维数组，便于索引和维护
  84          unsigned char code digits[10][8] = {
  85              {0x00,0x00,0x7E,0x81,0x81,0x7E,0x00,0x00}, // 0
  86              {0x00,0x00,0x41,0xFF,0xFF,0x01,0x00,0x00}, // 1
  87              {0x00,0x41,0x83,0x85,0x89,0x71,0x00,0x00}, // 2
  88              {0x00,0x42,0x81,0x89,0x89,0x76,0x00,0x00}, // 3
  89              {0x00,0x18,0x78,0x08,0xFF,0x08,0x08,0x00}, // 4
  90              {0x00,0x08,0xF1,0x51,0x51,0x0E,0x00,0x00}, // 5
  91              {0x00,0x7E,0x91,0x91,0x91,0x4E,0x00,0x00}, // 6
  92              {0x00,0x80,0x80,0x81,0x8C,0xE0,0x00,0x00}, // 7
  93              {0x00,0x6E,0x91,0x91,0x91,0x6E,0x00,0x00}, // 8
  94              {0x00,0x72,0x89,0x89,0x89,0x7E,0x00,0x00}  // 9
  95          };
  96          
  97          unsigned char code A_zimo[8] = {0x00,0x01,0x04,0x18,0x48,0xFF,0x00,0x00};
  98          unsigned char code S_zimo[8] = {0x00,0x66,0x91,0x89,0x89,0x66,0x00,0x00};
  99          unsigned char code C_zimo[8] = {0x00,0x7E,0x81,0x81,0x81,0x81,0x66,0x00};
 100          
 101          void control_matrix_led()
 102          {
 103   1          unsigned char mixkey_num, i;
 104   1          mixkey_num = Mix_key_num();
 105   1      
 106   1          // 如果是数字 0..9，直接从 digits 表中取图案
 107   1          if(mixkey_num <= 9)
 108   1          {
 109   2              
 110   2              for(i = 0; i < 8; i++)
 111   2              {
 112   3                  MatrixLED_ShowColumn(i, digits[mixkey_num][i]);
 113   3                  Delayms(2);
 114   3              }
 115   2              
 116   2          }
C51 COMPILER V9.60.7.0   FUNCTION                                                          10/18/2025 21:02:34 PAGE 3   

 117   1      
 118   1          // 处理字母或特殊键
 119   1          switch(mixkey_num)
 120   1          {
 121   2              case 11:
 122   2                  for(i = 0; i < 8; i++) { MatrixLED_ShowColumn(i, A_zimo[i]); Delayms(2); }
 123   2                  break;
 124   2              case 12:
 125   2                  for(i = 0; i < 8; i++) { MatrixLED_ShowColumn(i, S_zimo[i]); Delayms(2); }
 126   2                  break;
 127   2              case 13:
 128   2                  for(i = 0; i < 8; i++) { MatrixLED_ShowColumn(i, C_zimo[i]); Delayms(2); }
 129   2                  break;
 130   2              default:
 131   2                  // 未定义或无按键时，可选择清空或保持当前显示，此处不改变显示
 132   2                  break;
 133   2          }
 134   1      }
 135          
 136          /*
 137          *@brief  LCD显示函数
 138          */
 139          void lcd_display()
 140          {
 141   1              LCD_ShowString(1, 1, "Hello, World!");
 142   1              LCD_ShowString(2, 1, "I LOVE ASC!!");
 143   1      }
 144          
 145          /*
 146          *@brief  AD读取函数
 147          */
 148          void  ad_read_function()
 149          {
 150   1          unsigned int ADValue1;
 151   1          LCD_ShowString(1,1,"GR");
 152   1          ADValue1 = XPT2046_ReadAD(XPT2046_VBAT12);
 153   1          LCD_ShowNum(2,1,ADValue1,4);
 154   1          Delayms(100);
 155   1      }
 156          
 157          void uartuser()
 158          {
 159   1          unsigned char keynum = 0;
 160   1          Uart1_Init();
 161   1          
 162   1          keynum = Key();
 163   1          if(keynum == 3)
 164   1          {
 165   2              UART_sendSTRING("Passionate about technology willing to contribute\r\n");
 166   2          }
 167   1          else if(keynum == 4)
 168   1          {
 169   2              UART_sendSTRING("adventure success cooperation\r\n");
 170   2          }
 171   1      }
 172          
 173          void Timer0_Routine() interrupt 1
 174          {
 175   1        static unsigned int T0Count=0;
 176   1        
 177   1        TL0 = 0x66;       //设置定时初始值
 178   1        TH0 = 0xfc;       //设置定时初始值
C51 COMPILER V9.60.7.0   FUNCTION                                                          10/18/2025 21:02:34 PAGE 4   

 179   1        //这里再赋初始值是因为如果第一次溢出之后
 180   1        //寄存器就会从零开始+1；时间就不是1ms了
 181   1        
 182   1        T0Count++;
 183   1        if(T0Count>=1000)
 184   1        {
 185   2          T0Count=0;
 186   2      
 187   2          stream_i++;//每隔1秒流水灯移动一次
 188   2              ss++;//每隔1秒秒数加1
 189   2        }
 190   1      }


MODULE INFORMATION:   STATIC OVERLAYABLE
   CODE SIZE        =    531    ----
   CONSTANT SIZE    =    218    ----
   XDATA SIZE       =   ----    ----
   PDATA SIZE       =   ----    ----
   DATA SIZE        =      7       3
   IDATA SIZE       =   ----    ----
   BIT SIZE         =   ----    ----
END OF MODULE INFORMATION.


C51 COMPILATION COMPLETE.  0 WARNING(S),  0 ERROR(S)
