C51 COMPILER V9.60.7.0   MAIN                                                              10/18/2025 21:02:34 PAGE 1   


C51 COMPILER V9.60.7.0, COMPILATION OF MODULE MAIN
OBJECT MODULE PLACED IN .\Objects\main.obj
COMPILER INVOKED BY: B:\keil5\C51\BIN\C51.EXE main.c OPTIMIZE(8,SPEED) BROWSE DEBUG OBJECTEXTEND PRINT(.\Listings\main.l
                    -st) TABS(2) OBJECT(.\Objects\main.obj)

line level    source

   1          #include <REGX52.H>
   2          #include "key.h"
   3          #include "function.h"
   4          #include "lcd1602.h"
   5          
   6          void main()
   7          {
   8   1          unsigned char mode=0,key_state;
   9   1          LCD_Init();
  10   1          while(1)
  11   1          {
  12   2              if(mode==0)
  13   2              {
  14   3                  led_stream();
  15   3              }
  16   2              else if(mode==1)
  17   2              {
  18   3                  smg_display_time();
  19   3              }
  20   2              else if(mode==2)
  21   2              {
  22   3                  control_smg();
  23   3              }
  24   2              else if(mode==3)
  25   2              {
  26   3                  control_matrix_led();
  27   3              }
  28   2              else if(mode==4)
  29   2              {
  30   3                  lcd_display();
  31   3              }
  32   2              else if(mode==5)
  33   2              {
  34   3                  ad_read_function();
  35   3              }
  36   2              else if(mode==6)
  37   2              {
  38   3                  uartuser();
  39   3              }
  40   2              key_state=Key();
  41   2              if(key_state==1)
  42   2              {
  43   3                  mode++;
  44   3            LCD_Init();
  45   3                  if(mode>=7)
  46   3                  {
  47   4                      mode=0;
  48   4                  }
  49   3              }
  50   2          }
  51   1          
  52   1      }


C51 COMPILER V9.60.7.0   MAIN                                                              10/18/2025 21:02:34 PAGE 2   

MODULE INFORMATION:   STATIC OVERLAYABLE
   CODE SIZE        =     96    ----
   CONSTANT SIZE    =   ----    ----
   XDATA SIZE       =   ----    ----
   PDATA SIZE       =   ----    ----
   DATA SIZE        =   ----       1
   IDATA SIZE       =   ----    ----
   BIT SIZE         =   ----    ----
END OF MODULE INFORMATION.


C51 COMPILATION COMPLETE.  0 WARNING(S),  0 ERROR(S)
