C51 COMPILER V9.60.7.0   SMG                                                               10/18/2025 20:22:55 PAGE 1   


C51 COMPILER V9.60.7.0, COMPILATION OF MODULE SMG
OBJECT MODULE PLACED IN .\Objects\SMG.obj
COMPILER INVOKED BY: B:\keil5\C51\BIN\C51.EXE SMG.c OPTIMIZE(8,SPEED) BROWSE DEBUG OBJECTEXTEND PRINT(.\Listings\SMG.lst
                    -) TABS(2) OBJECT(.\Objects\SMG.obj)

line level    source

   1          #include <REGX52.H>
   2          #include "clean.h"
   3          #include "delay.h"
   4          
   5          void SMG(int loc,int num)
   6          {
   7   1         
   8   1        switch(loc)
   9   1        {
  10   2          case 8:P2_2=0;P2_3=0;P2_4=0;break;
  11   2          case 7:P2_2=1;P2_3=0;P2_4=0;break;
  12   2          case 6:P2_2=0;P2_3=1;P2_4=0;break;
  13   2          case 5:P2_2=1;P2_3=1;P2_4=0;break;
  14   2          case 4:P2_2=0;P2_3=0;P2_4=1;break;
  15   2          case 3:P2_2=1;P2_3=0;P2_4=1;break;
  16   2          case 2:P2_2=0;P2_3=1;P2_4=1;break;
  17   2          case 1:P2_2=1;P2_3=1;P2_4=1;break;
  18   2        }
  19   1        switch(num)
  20   1        {
  21   2          case 1:P0=0x06;Delayms(1);clean();break;
  22   2          case 2:P0=0x5b;Delayms(1);clean();break;
  23   2          case 3:P0=0x4f;Delayms(1);clean();break;
  24   2          case 4:P0=0x66;Delayms(1);clean();break;
  25   2          case 5:P0=0x6d;Delayms(1);clean();break;
  26   2          case 6:P0=0x7d;Delayms(1);clean();break;
  27   2          case 7:P0=0x07;Delayms(1);clean();break;
  28   2          case 8:P0=0x7f;Delayms(1);clean();break;
  29   2          case 9:P0=0x6f;Delayms(1);clean();break;
  30   2          case 0:P0=0x3f;Delayms(1);clean();break;
  31   2        }
  32   1      }


MODULE INFORMATION:   STATIC OVERLAYABLE
   CODE SIZE        =    199    ----
   CONSTANT SIZE    =   ----    ----
   XDATA SIZE       =   ----    ----
   PDATA SIZE       =   ----    ----
   DATA SIZE        =   ----    ----
   IDATA SIZE       =   ----    ----
   BIT SIZE         =   ----    ----
END OF MODULE INFORMATION.


C51 COMPILATION COMPLETE.  0 WARNING(S),  0 ERROR(S)
