C51 COMPILER V9.60.7.0   TIMER0                                                            10/18/2025 20:22:55 PAGE 1   


C51 COMPILER V9.60.7.0, COMPILATION OF MODULE TIMER0
OBJECT MODULE PLACED IN .\Objects\Timer0.obj
COMPILER INVOKED BY: B:\keil5\C51\BIN\C51.EXE Timer0.c OPTIMIZE(8,SPEED) BROWSE DEBUG OBJECTEXTEND PRINT(.\Listings\Time
                    -r0.lst) TABS(2) OBJECT(.\Objects\Timer0.obj)

line level    source

   1          #include <REGX52.H>
   2          
   3          
   4          void Timer0_Init(void)    //1毫秒@11.0592MHz
   5          {
   6   1        TMOD &= 0xF0;     //设置定时器模式
   7   1        TL0 = 0x66;       //设置定时初始值
   8   1        TH0 = 0xfc;       //设置定时初始值
   9   1        TF0 = 0;        //清除TF0标志
  10   1        TR0 = 1;        //定时器0开始计时
  11   1        ET0 = 1;        //打开定时器0中断
  12   1        EA = 1;         //打开总中断
  13   1        PT0 = 0;        //定时器0中断优先级低
  14   1      }
  15          
  16          
  17          
  18          
  19          //中断执行函数的模板
  20          //每隔1s
  21          
  22          /*
  23          void Timer0_Routine() interrupt 1
  24          {
  25            static unsigned int T0Count=0;
  26            
  27            TL0 = 0xcd;       //设置定时初始值
  28            TH0 = 0xd4;       //设置定时初始值
  29            //这里再赋初始值是因为如果第一次溢出之后
  30            //寄存器就会从零开始+1；时间就不是1ms了
  31            
  32            T0Count++;
  33            if(T0Count>=1000)
  34            {
  35              T0Count=0;
  36          
  37              这里写你需要执行的程序
  38          
  39            }
  40          }
  41          */


MODULE INFORMATION:   STATIC OVERLAYABLE
   CODE SIZE        =     20    ----
   CONSTANT SIZE    =   ----    ----
   XDATA SIZE       =   ----    ----
   PDATA SIZE       =   ----    ----
   DATA SIZE        =   ----    ----
   IDATA SIZE       =   ----    ----
   BIT SIZE         =   ----    ----
END OF MODULE INFORMATION.


C51 COMPILATION COMPLETE.  0 WARNING(S),  0 ERROR(S)
