C51 COMPILER V9.60.7.0   MAIN                                                              10/07/2025 17:33:52 PAGE 1   


C51 COMPILER V9.60.7.0, COMPILATION OF MODULE MAIN
OBJECT MODULE PLACED IN .\Objects\main.obj
COMPILER INVOKED BY: B:\keil5\C51\BIN\C51.EXE main.c OPTIMIZE(8,SPEED) BROWSE DEBUG OBJECTEXTEND PRINT(.\Listings\main.l
                    -st) TABS(2) OBJECT(.\Objects\main.obj)

line level    source

   1          #include <REGX52.H>
   2          #include "delay.h"
   3          #include "uart.h"
   4          #include "MatrixLED.h"
   5          
   6          int main()
   7          {
   8   1        MATRIXLED_Init();
   9   1        while(1)
  10   1        {
  11   2          //8*8的爱心
  12   2      //    MatrixLED_ShowColumn(0,0x70);
  13   2      //    MatrixLED_ShowColumn(1,0x88);
  14   2      //    MatrixLED_ShowColumn(2,0x84);
  15   2      //    MatrixLED_ShowColumn(3,0x42);
  16   2      //    MatrixLED_ShowColumn(4,0x42);
  17   2      //    MatrixLED_ShowColumn(5,0x84);
  18   2      //    MatrixLED_ShowColumn(6,0x88);
  19   2      //    MatrixLED_ShowColumn(7,0x70);
  20   2          //8*8的笑脸
  21   2            MatrixLED_ShowColumn(0,0x3c);
  22   2            MatrixLED_ShowColumn(1,0x42);
  23   2            MatrixLED_ShowColumn(2,0xa9);
  24   2            MatrixLED_ShowColumn(3,0x85);
  25   2            MatrixLED_ShowColumn(4,0x85);
  26   2            MatrixLED_ShowColumn(5,0xa9);
  27   2            MatrixLED_ShowColumn(6,0x42);
  28   2            MatrixLED_ShowColumn(7,0x3c);
  29   2            
  30   2        }
  31   1      }


MODULE INFORMATION:   STATIC OVERLAYABLE
   CODE SIZE        =     61    ----
   CONSTANT SIZE    =   ----    ----
   XDATA SIZE       =   ----    ----
   PDATA SIZE       =   ----    ----
   DATA SIZE        =   ----    ----
   IDATA SIZE       =   ----    ----
   BIT SIZE         =   ----    ----
END OF MODULE INFORMATION.


C51 COMPILATION COMPLETE.  0 WARNING(S),  0 ERROR(S)
