C51 COMPILER V9.60.7.0   UART                                                              10/07/2025 16:05:51 PAGE 1   


C51 COMPILER V9.60.7.0, COMPILATION OF MODULE UART
OBJECT MODULE PLACED IN .\Objects\UART.obj
COMPILER INVOKED BY: B:\keil5\C51\BIN\C51.EXE UART.c OPTIMIZE(8,SPEED) BROWSE DEBUG OBJECTEXTEND PRINT(.\Listings\UART.l
                    -st) TABS(2) OBJECT(.\Objects\UART.obj)

line level    source

   1          #include <REGX52.H>
   2          
   3          /*
   4          * @brift: 串口初始化 4800bps@12.000MHz
   5          * @param: 无
   6          * @return: 无
   7          */
   8          void Uart1_Init(void) //4800bps@12.000MHz
   9          {
  10   1        PCON |= 0x80;   //使能波特率倍速位SMOD
  11   1        SCON = 0x50;    //8位数据,可变波特率
  12   1        TMOD &= 0x0F;   //设置定时器模式
  13   1        TMOD |= 0x20;   //设置定时器模式
  14   1        TL1 = 0xF3;     //设置定时初始值
  15   1        TH1 = 0xF3;     //设置定时重载值
  16   1        ET1 = 0;      //禁止定时器中断
  17   1        TR1 = 1;      //定时器1开始计时
  18   1        EA = 1;     //使能总中断
  19   1        ES= 1;      //使能串口中断
  20   1      }
  21          
  22          
  23          
  24          /*
  25          * @brift: 串口发送一个字节数据
  26          * @param: Byte - 要发送的数据字节
  27          * @return: 无
  28          */
  29          void UART_sendBYTE(unsigned char Byte)
  30          {
  31   1        SBUF=Byte;
  32   1        while(TI==0);//检测是否发送完数据，因为发送完数据之后TI=1
  33   1        TI=0;//软件复位
  34   1      }
  35          
  36          //串口在中断模板
  37          /*
  38          void UART_routine(void) interrupt 4
  39          {
  40            if(RI==1)
  41            {
  42              //接收数据处理
  43              
  44              RI=0;
  45            }
  46          }
  47          */


MODULE INFORMATION:   STATIC OVERLAYABLE
   CODE SIZE        =     35    ----
   CONSTANT SIZE    =   ----    ----
   XDATA SIZE       =   ----    ----
   PDATA SIZE       =   ----    ----
C51 COMPILER V9.60.7.0   UART                                                              10/07/2025 16:05:51 PAGE 2   

   DATA SIZE        =   ----    ----
   IDATA SIZE       =   ----    ----
   BIT SIZE         =   ----    ----
END OF MODULE INFORMATION.


C51 COMPILATION COMPLETE.  0 WARNING(S),  0 ERROR(S)
