C51 COMPILER V9.60.7.0   DELAY                                                             10/19/2025 00:30:03 PAGE 1   


C51 COMPILER V9.60.7.0, COMPILATION OF MODULE DELAY
OBJECT MODULE PLACED IN .\Objects\Delay.obj
COMPILER INVOKED BY: B:\keil5\C51\BIN\C51.EXE Delay.c OPTIMIZE(8,SPEED) BROWSE DEBUG OBJECTEXTEND PRINT(.\Listings\Delay
                    -.lst) TABS(2) OBJECT(.\Objects\Delay.obj)

line level    source

   1          #include <REGX52.H>
   2          #include <intrins.h>
   3          
   4          /*
   5          *@brief: Delay function
   6          *@param: times - time in milliseconds
   7          */
   8          void Delayms(unsigned int times)  //@11.0592MHz
   9          {
  10   1        unsigned char data i, j;
  11   1      
  12   1        _nop_();
  13   1          while (times--)
  14   1          {
  15   2              i = 2;
  16   2              j = 199;
  17   2              do
  18   2              {
  19   3                  while (--j);
  20   3              } while (--i);
  21   2          }
  22   1      }
  23          
  24          /*
  25          *@brief: Delay function
  26          *@param: times - time in 10 microseconds
  27          */
  28          void Delay10us(unsigned char times) //@11.0592MHz
  29          {
  30   1        unsigned char data i;
  31   1          while (times--)
  32   1          {
  33   2              i = 2;
  34   2              while (--i);
  35   2          }
  36   1      }


MODULE INFORMATION:   STATIC OVERLAYABLE
   CODE SIZE        =     37    ----
   CONSTANT SIZE    =   ----    ----
   XDATA SIZE       =   ----    ----
   PDATA SIZE       =   ----    ----
   DATA SIZE        =   ----    ----
   IDATA SIZE       =   ----    ----
   BIT SIZE         =   ----    ----
END OF MODULE INFORMATION.


C51 COMPILATION COMPLETE.  0 WARNING(S),  0 ERROR(S)
