C51 COMPILER V9.60.7.0   FUNCTION                                                          10/19/2025 00:29:13 PAGE 1   


C51 COMPILER V9.60.7.0, COMPILATION OF MODULE FUNCTION
OBJECT MODULE PLACED IN .\Objects\function.obj
COMPILER INVOKED BY: B:\keil5\C51\BIN\C51.EXE function.c OPTIMIZE(8,SPEED) BROWSE DEBUG OBJECTEXTEND PRINT(.\Listings\fu
                    -nction.lst) TABS(2) OBJECT(.\Objects\function.obj)

line level    source

   1          #include <REGX52.H>
   2          #include "matrixled.h"
   3          
   4          unsigned char code i_love_asc[] =//I SUPER LOVE ASC
   5          {
   6          0x00,0x00,0x00,0x00,0x00,0x00,0x00,0x00, 
   7          0x81,0xFF,0x81,0x00,0x00,0x32,0x49,0x26,
   8          0x00,0x3C,0x02,0x02,0x3C,0x00,0x7F,0x48,
   9          0x30,0x00,0x1C,0x2A,0x2A,0x18,0x00,0x3E,
  10          0x10,0x20,0x10,0x00,0x00,0x38,0x44,0x42,
  11          0x21,0x42,0x44,0x38,0x00,0x00,0x01,0x04,
  12          0x18,0x48,0xFF,0x00,0x72,0x89,0x89,0x66,
  13          0x00,0x7E,0x81,0x81,0x66,0x00,0x00,0x00,
  14          0x00,0x00,0x00,0x00,0x00,0x00,0x00,0x00, 
  15          };
  16          
  17          void show_i_love_asc()
  18          {
  19   1          unsigned char i=0;
  20   1          static unsigned char setoff=0,cnt=0;
  21   1          for(i=0;i<8;i++)
  22   1              {
  23   2                  MatrixLED_ShowColumn(i,i_love_asc[i+setoff]);
  24   2              }
  25   1              cnt++;
  26   1              if(cnt==10)
  27   1              {
  28   2                  cnt=0;
  29   2                  setoff++;
  30   2              }
  31   1      
  32   1              if(setoff==72-8)
  33   1              {
  34   2                  setoff=0;
  35   2              }
  36   1      }


MODULE INFORMATION:   STATIC OVERLAYABLE
   CODE SIZE        =     49    ----
   CONSTANT SIZE    =     72    ----
   XDATA SIZE       =   ----    ----
   PDATA SIZE       =   ----    ----
   DATA SIZE        =      2       1
   IDATA SIZE       =   ----    ----
   BIT SIZE         =   ----    ----
END OF MODULE INFORMATION.


C51 COMPILATION COMPLETE.  0 WARNING(S),  0 ERROR(S)
