C51 COMPILER V9.60.7.0   FUNCTION                                                          10/18/2025 19:25:55 PAGE 1   


C51 COMPILER V9.60.7.0, COMPILATION OF MODULE FUNCTION
OBJECT MODULE PLACED IN .\Objects\function.obj
COMPILER INVOKED BY: B:\keil5\C51\BIN\C51.EXE function.c OPTIMIZE(8,SPEED) BROWSE DEBUG OBJECTEXTEND PRINT(.\Listings\fu
                    -nction.lst) TABS(2) OBJECT(.\Objects\function.obj)

line level    source

   1          #include <REGX52.H>
   2          #include "Delay.h"
   3          #include "key.h"
   4          #include "uart.h"
   5          
   6          void uartuser()
   7          {
   8   1          unsigned char keynum = 0;
   9   1          Uart1_Init();
  10   1          
  11   1          keynum = Key();
  12   1          if(keynum == 3)
  13   1          {
  14   2              UART_sendSTRING("Passionate about technology willing to contribute\r\n");
  15   2          }
  16   1          else if(keynum == 4)
  17   1          {
  18   2              UART_sendSTRING("adventure success cooperation\r\n");
  19   2          }
  20   1      }


MODULE INFORMATION:   STATIC OVERLAYABLE
   CODE SIZE        =     39    ----
   CONSTANT SIZE    =     84    ----
   XDATA SIZE       =   ----    ----
   PDATA SIZE       =   ----    ----
   DATA SIZE        =   ----       1
   IDATA SIZE       =   ----    ----
   BIT SIZE         =   ----    ----
END OF MODULE INFORMATION.


C51 COMPILATION COMPLETE.  0 WARNING(S),  0 ERROR(S)
