C51 COMPILER V9.60.7.0   UART                                                              10/18/2025 19:13:12 PAGE 1   


C51 COMPILER V9.60.7.0, COMPILATION OF MODULE UART
OBJECT MODULE PLACED IN .\Objects\UART.obj
COMPILER INVOKED BY: B:\keil5\C51\BIN\C51.EXE UART.c OPTIMIZE(8,SPEED) BROWSE DEBUG OBJECTEXTEND PRINT(.\Listings\UART.l
                    -st) TABS(2) OBJECT(.\Objects\UART.obj)

line level    source

   1          #include <REGX52.H>
   2          
   3          /*
   4          * @brift: 串口初始化 4800bps@11.0592MHz
   5          * @param: 无
   6          * @return: 无
   7          */
   8          void Uart1_Init(void) //4800bps@11.0592MHz
   9          {
  10   1        PCON |= 0x80;   //使能波特率倍速位SMOD
  11   1        SCON = 0x50;    //8位数据,可变波特率
  12   1        TMOD &= 0x0F;   //设置定时器模式
  13   1        TMOD |= 0x20;   //设置定时器模式
  14   1        TL1 = 0xF4;     //设置定时初始值
  15   1        TH1 = 0xF4;     //设置定时重载值
  16   1        ET1 = 0;      //禁止定时器中断
  17   1        TR1 = 1;      //定时器1开始计时
  18   1      }
  19          
  20          
  21          
  22          /*
  23          * @brift: 串口发送一个字节数据
  24          * @param: Byte - 要发送的数据字节
  25          * @return: 无
  26          */
  27          void UART_sendBYTE(unsigned char Byte)
  28          {
  29   1        SBUF=Byte;
  30   1        while(TI==0);//检测是否发送完数据，因为发送完数据之后TI=1
  31   1        TI=0;//软件复位
  32   1      }
  33          
  34          /*
  35          * @brift: 串口发送一个字符串
  36          * @param: Str - 要发送的字符串
  37          * @return: 无
  38          */
  39          void UART_sendSTRING(unsigned char *Str)
  40          {
  41   1        while(*Str!='\0')//字符串结束符
  42   1        {
  43   2          UART_sendBYTE(*Str);//发送字符串中的每一个字符
  44   2          Str++;//指向下一个字符
  45   2        }
  46   1      }
  47          
  48          //串口在中断模板
  49          /*
  50          void UART_routine(void) interrupt 4
  51          {
  52            if(RI==1)
  53            {
  54              //接收数据处理
C51 COMPILER V9.60.7.0   UART                                                              10/18/2025 19:13:12 PAGE 2   

  55              
  56              RI=0;
  57            }
  58          }
  59          */


MODULE INFORMATION:   STATIC OVERLAYABLE
   CODE SIZE        =     50    ----
   CONSTANT SIZE    =   ----    ----
   XDATA SIZE       =   ----    ----
   PDATA SIZE       =   ----    ----
   DATA SIZE        =   ----    ----
   IDATA SIZE       =   ----    ----
   BIT SIZE         =   ----    ----
END OF MODULE INFORMATION.


C51 COMPILATION COMPLETE.  0 WARNING(S),  0 ERROR(S)
