C51 COMPILER V9.60.7.0   MAIN                                                              10/01/2025 15:54:52 PAGE 1   


C51 COMPILER V9.60.7.0, COMPILATION OF MODULE MAIN
OBJECT MODULE PLACED IN .\Objects\main.obj
COMPILER INVOKED BY: B:\keil5\C51\BIN\C51.EXE main.c OPTIMIZE(8,SPEED) BROWSE DEBUG OBJECTEXTEND PRINT(.\Listings\main.l
                    -st) TABS(2) OBJECT(.\Objects\main.obj)

line level    source

   1          #include <REGX52.H>
   2          
   3          int num[]={0x3f,0x06,0x5b,0x4f,0x66,0x6d,0x7d,0x07,0x7f,0x6f};
   4          
   5          void Delay(int xms) //@12.000MHz
   6          {
   7   1        while(xms--){
   8   2              unsigned char data i, j;
   9   2      
  10   2              i = 2;
  11   2              j = 239;
  12   2              do
  13   2              {
  14   3                  while (--j);
  15   3              } while (--i);
  16   2          }
  17   1      }
  18          
  19          void SMG(int loc,int number)
  20          {
  21   1        switch(loc)
  22   1        {
  23   2          case 8:P2_2=0;P2_3=0;P2_4=0;break;
  24   2          case 7:P2_2=1;P2_3=0;P2_4=0;break;
  25   2          case 6:P2_2=0;P2_3=1;P2_4=0;break;
  26   2          case 5:P2_2=1;P2_3=1;P2_4=0;break;
  27   2          case 4:P2_2=0;P2_3=0;P2_4=1;break;
  28   2          case 3:P2_2=1;P2_3=0;P2_4=1;break;
  29   2          case 2:P2_2=0;P2_3=1;P2_4=1;break;
  30   2          case 1:P2_2=1;P2_3=1;P2_4=1;break;
  31   2        }
  32   1        P0 = num[number];
  33   1      }
  34          
  35          void clean()
  36          {
  37   1          P0=0x00;
  38   1      }
  39          
  40          void main()
  41          {
  42   1          while(1)
  43   1          {
  44   2              SMG(1,2);Delay(1);clean();
  45   2              SMG(2,0);Delay(1);clean();
  46   2              SMG(3,0);Delay(1);clean(); 
  47   2              SMG(4,6);Delay(1);clean();
  48   2              SMG(5,1);Delay(1);clean();
  49   2              SMG(6,0);Delay(1);clean();
  50   2              SMG(7,0);Delay(1);clean();
  51   2              SMG(8,4);Delay(1);clean();
  52   2          }
  53   1      }

C51 COMPILER V9.60.7.0   MAIN                                                              10/01/2025 15:54:52 PAGE 2   


MODULE INFORMATION:   STATIC OVERLAYABLE
   CODE SIZE        =    245    ----
   CONSTANT SIZE    =   ----    ----
   XDATA SIZE       =   ----    ----
   PDATA SIZE       =   ----    ----
   DATA SIZE        =     20       2
   IDATA SIZE       =   ----    ----
   BIT SIZE         =   ----    ----
END OF MODULE INFORMATION.


C51 COMPILATION COMPLETE.  0 WARNING(S),  0 ERROR(S)
