C51 COMPILER V9.60.7.0   MAIN                                                              09/27/2025 23:55:32 PAGE 1   


C51 COMPILER V9.60.7.0, COMPILATION OF MODULE MAIN
OBJECT MODULE PLACED IN .\Objects\main.obj
COMPILER INVOKED BY: B:\keil5\C51\BIN\C51.EXE main.c OPTIMIZE(8,SPEED) BROWSE DEBUG OBJECTEXTEND PRINT(.\Listings\main.l
                    -st) TABS(2) OBJECT(.\Objects\main.obj)

line level    source

   1          #include <REGX52.H>
   2          #include <intrins.h>
   3          
   4          void Delay(int xms) //@12.000MHz
   5          {
   6   1        unsigned char data i, j;
   7   1        while(xms){
   8   2          i = 2;
   9   2          j = 239;
  10   2          do
  11   2          {
  12   3            while (--j);
  13   3          } while (--i);
  14   2          xms--;
  15   2        }
  16   1      }
  17          
  18          
  19          //void Delay100ms(void) //@12.000MHz
  20          //{
  21          //  unsigned char data i, j;
  22          
  23          //  i = 195;
  24          //  j = 138;
  25          //  do
  26          //  {
  27          //    while (--j);
  28          //  } while (--i);
  29          //}
  30          
  31          
  32          //void Delay1000ms(void)  //@12.000MHz
  33          //{
  34          //  unsigned char data i, j, k;
  35          
  36          //  _nop_();
  37          //  i = 8;
  38          //  j = 154;
  39          //  k = 122;
  40          //  do
  41          //  {
  42          //    do
  43          //    {
  44          //      while (--k);
  45          //    } while (--j);
  46          //  } while (--i);
  47          //}
  48          
  49          void main()
  50          {
  51   1      //  P2=0xfe; //1111 1110
  52   1        P2=0x00;
  53   1        Delay(1000);
  54   1        while(1)
C51 COMPILER V9.60.7.0   MAIN                                                              09/27/2025 23:55:32 PAGE 2   

  55   1        {
  56   2          if(P3_1==0){
  57   3            Delay(20);
  58   3            
  59   3      //        Delay1000ms();
  60   3      //        P2= 0xFE; //1111 1110
  61   3      //        Delay100ms();
  62   3      //        P2= 0xFD; //1111 1101
  63   3      //        Delay100ms();
  64   3      //        P2= 0xFB; //1111 1011
  65   3      //        Delay100ms();
  66   3      //        P2= 0xF7; //1111 0111
  67   3      //        Delay100ms();
  68   3      //        P2= 0xef; //1110 1111
  69   3      //        Delay100ms();
  70   3      //        P2= 0xdf; //1101 1111
  71   3      //        Delay100ms();
  72   3      //        P2= 0xbf; //1011 1111
  73   3      //        Delay100ms();
  74   3      //        P2= 0x7f; //0111 1111
  75   3            {  
  76   4                int i=0;
  77   4                for( i=0;i<8;i++)
  78   4                {
  79   5                  P2=~(1 << i);
  80   5                  Delay(70);
  81   5                }
  82   4            }
  83   3      //        Delay100ms();
  84   3      //        P2= 0x00; //0000 0000
  85   3      //        Delay1000ms();
  86   3      //        P2= 0x18; //0001 1000
  87   3      //        Delay100ms();
  88   3      //        P2= 0x3c; //0011 1100
  89   3      //        Delay100ms();
  90   3      //        P2= 0x7e; //0111 1110
  91   3      //        Delay100ms();
  92   3      //        P2= 0xFF; //1111 1111
  93   3            {
  94   4              int i=0;
  95   4              int j=4;
  96   4              
  97   4              for(i=3,j=4;i>=0,j<8;j++,i--)
  98   4              {
  99   5                P2=~((1 << i) | (1 << j));
 100   5                Delay(500);
 101   5              }
 102   4            }
 103   3      
 104   3      //        Delay100ms();
 105   3      //        P2= 0x7e; //0111 1110
 106   3      //        Delay100ms();
 107   3      //        P2= 0x3c; //0011 1100
 108   3      //        Delay100ms();
 109   3      //        P2= 0x18; //0001 1000
 110   3      //        Delay100ms();
 111   3      //        P2= 0x00; //0000 0000
 112   3      //        Delay100ms();
 113   3            {
 114   4              int i=0;
 115   4              int j=4;
 116   4              
C51 COMPILER V9.60.7.0   MAIN                                                              09/27/2025 23:55:32 PAGE 3   

 117   4              for(i=0,j=7;i<4,j>=4;j--,i++)
 118   4              {
 119   5                P2=((1 << i) | (1 << j));
 120   5                Delay(500);
 121   5              }
 122   4            }
 123   3              
 124   3          }
 125   2          else 
 126   2            P2=0xff;
 127   2        }
 128   1      }


MODULE INFORMATION:   STATIC OVERLAYABLE
   CODE SIZE        =    291    ----
   CONSTANT SIZE    =   ----    ----
   XDATA SIZE       =   ----    ----
   PDATA SIZE       =   ----    ----
   DATA SIZE        =   ----       4
   IDATA SIZE       =   ----    ----
   BIT SIZE         =   ----    ----
END OF MODULE INFORMATION.


C51 COMPILATION COMPLETE.  0 WARNING(S),  0 ERROR(S)
