C51 COMPILER V9.60.7.0   MAIN                                                              10/09/2025 20:33:32 PAGE 1   


C51 COMPILER V9.60.7.0, COMPILATION OF MODULE MAIN
OBJECT MODULE PLACED IN .\Objects\main.obj
COMPILER INVOKED BY: B:\keil5\C51\BIN\C51.EXE main.c OPTIMIZE(8,SPEED) BROWSE DEBUG OBJECTEXTEND PRINT(.\Listings\main.l
                    -st) TABS(2) OBJECT(.\Objects\main.obj)

line level    source

   1          #include <REGX52.H>
   2          #include "lcd1602.h"
   3          #include "dc1302.h"
   4          
   5          unsigned char second;
   6          
   7          void main()
   8          {
   9   1          LCD_Init();
  10   1          DS1302_Init();
  11   1          LCD_ShowString(1,1,"RTC");
  12   1      
  13   1          DS1302_WriteByte(0x80,0x03);
  14   1          
  15   1      
  16   1          while(1)
  17   1          {
  18   2            second=DS1302_ReadByte(0x81);
  19   2            LCD_ShowNum(2,1,second,3);
  20   2          }
  21   1      }


MODULE INFORMATION:   STATIC OVERLAYABLE
   CODE SIZE        =     49    ----
   CONSTANT SIZE    =      4    ----
   XDATA SIZE       =   ----    ----
   PDATA SIZE       =   ----    ----
   DATA SIZE        =      1    ----
   IDATA SIZE       =   ----    ----
   BIT SIZE         =   ----    ----
END OF MODULE INFORMATION.


C51 COMPILATION COMPLETE.  0 WARNING(S),  0 ERROR(S)
