C51 COMPILER V9.60.7.0   MAIN                                                              10/01/2025 16:52:38 PAGE 1   


C51 COMPILER V9.60.7.0, COMPILATION OF MODULE MAIN
OBJECT MODULE PLACED IN .\Objects\main.obj
COMPILER INVOKED BY: B:\keil5\C51\BIN\C51.EXE main.c OPTIMIZE(8,SPEED) BROWSE DEBUG OBJECTEXTEND PRINT(.\Listings\main.l
                    -st) TABS(2) OBJECT(.\Objects\main.obj)

line level    source

   1          #include <REGX52.H>
   2          #include "Delay.h"
   3          #include "SMG.h"
   4          #include "Clean.h"
   5          
   6          void main()
   7          {
   8   1          while(1)
   9   1          {
  10   2              SMG(1,2);Delay(1);clean();
  11   2              SMG(2,0);Delay(1);clean();
  12   2              SMG(3,0);Delay(1);clean(); 
  13   2              SMG(4,6);Delay(1);clean();
  14   2              SMG(5,1);Delay(1);clean();
  15   2              SMG(6,0);Delay(1);clean();
  16   2              SMG(7,0);Delay(1);clean();
  17   2              SMG(8,4);Delay(1);clean();
  18   2          }
  19   1      }


MODULE INFORMATION:   STATIC OVERLAYABLE
   CODE SIZE        =    163    ----
   CONSTANT SIZE    =   ----    ----
   XDATA SIZE       =   ----    ----
   PDATA SIZE       =   ----    ----
   DATA SIZE        =   ----    ----
   IDATA SIZE       =   ----    ----
   BIT SIZE         =   ----    ----
END OF MODULE INFORMATION.


C51 COMPILATION COMPLETE.  0 WARNING(S),  0 ERROR(S)
