C51 COMPILER V9.60.7.0   FUNCTION                                                          10/18/2025 16:20:55 PAGE 1   


C51 COMPILER V9.60.7.0, COMPILATION OF MODULE FUNCTION
OBJECT MODULE PLACED IN .\Objects\function.obj
COMPILER INVOKED BY: B:\keil5\C51\BIN\C51.EXE function.c OPTIMIZE(8,SPEED) BROWSE DEBUG OBJECTEXTEND PRINT(.\Listings\fu
                    -nction.lst) TABS(2) OBJECT(.\Objects\function.obj)

line level    source

   1          #include <REGX52.H>
   2          #include "Delay.h"
   3          #include "xpt2046.h"
   4          #include "lcd1602.h"
   5          
   6          void  ad_read_function()
   7          {
   8   1          unsigned int ADValue;
   9   1          LCD_ShowString(1,1,"GR");
  10   1          ADValue = XPT2046_ReadAD(XPT2046_VBAT12);
  11   1          LCD_ShowNum(2,1,ADValue,4);
  12   1          Delayms(100);
  13   1      }


MODULE INFORMATION:   STATIC OVERLAYABLE
   CODE SIZE        =     39    ----
   CONSTANT SIZE    =      3    ----
   XDATA SIZE       =   ----    ----
   PDATA SIZE       =   ----    ----
   DATA SIZE        =   ----    ----
   IDATA SIZE       =   ----    ----
   BIT SIZE         =   ----    ----
END OF MODULE INFORMATION.


C51 COMPILATION COMPLETE.  0 WARNING(S),  0 ERROR(S)
