C51 COMPILER V9.60.7.0   SMG                                                               10/05/2025 23:06:53 PAGE 1   


C51 COMPILER V9.60.7.0, COMPILATION OF MODULE SMG
OBJECT MODULE PLACED IN .\Objects\SMG.obj
COMPILER INVOKED BY: B:\keil5\C51\BIN\C51.EXE SMG.c OPTIMIZE(8,SPEED) BROWSE DEBUG OBJECTEXTEND PRINT(.\Listings\SMG.lst
                    -) TABS(2) OBJECT(.\Objects\SMG.obj)

line level    source

   1          #include <REGX52.H>
   2          
   3          /*
   4          * @brift: 数码管显示函数
   5          * @param: loc - 位选  num - 段选
   6          * @return: 无
   7          */
   8          void SMG(int loc,int num)
   9          {
  10   1         switch(loc)
  11   1        {
  12   2          case 8:P2_2=0;P2_3=0;P2_4=0;break;
  13   2          case 7:P2_2=1;P2_3=0;P2_4=0;break;
  14   2          case 6:P2_2=0;P2_3=1;P2_4=0;break;
  15   2          case 5:P2_2=1;P2_3=1;P2_4=0;break;
  16   2          case 4:P2_2=0;P2_3=0;P2_4=1;break;
  17   2          case 3:P2_2=1;P2_3=0;P2_4=1;break;
  18   2          case 2:P2_2=0;P2_3=1;P2_4=1;break;
  19   2          case 1:P2_2=1;P2_3=1;P2_4=1;break;
  20   2        }
  21   1        switch(num)
  22   1        {
  23   2          case 1:P0=0x06;break;
  24   2          case 2:P0=0x5b;break;
  25   2          case 3:P0=0x4f;break;
  26   2          case 4:P0=0x66;break;
  27   2          case 5:P0=0x6d;break;
  28   2          case 6:P0=0x7d;break;
  29   2          case 7:P0=0x07;break;
  30   2          case 8:P0=0x7f;break;
  31   2          case 9:P0=0x6f;break;
  32   2          case 0:P0=0x3f;break;
  33   2        }
  34   1      }


MODULE INFORMATION:   STATIC OVERLAYABLE
   CODE SIZE        =    180    ----
   CONSTANT SIZE    =   ----    ----
   XDATA SIZE       =   ----    ----
   PDATA SIZE       =   ----    ----
   DATA SIZE        =   ----    ----
   IDATA SIZE       =   ----    ----
   BIT SIZE         =   ----    ----
END OF MODULE INFORMATION.


C51 COMPILATION COMPLETE.  0 WARNING(S),  0 ERROR(S)
