C51 COMPILER V9.60.7.0   UART                                                              10/18/2025 18:55:26 PAGE 1   


C51 COMPILER V9.60.7.0, COMPILATION OF MODULE UART
OBJECT MODULE PLACED IN .\Objects\UART.obj
COMPILER INVOKED BY: B:\keil5\C51\BIN\C51.EXE UART.c OPTIMIZE(8,SPEED) BROWSE DEBUG OBJECTEXTEND PRINT(.\Listings\UART.l
                    -st) TABS(2) OBJECT(.\Objects\UART.obj)

line level    source

   1          #include <REGX52.H>
   2          
   3          /*
   4          * @brift: 串口初始化 4800bps@11.0592MHz
   5          * @param: 无
   6          * @return: 无
   7          */
   8          void Uart1_Init(void) //4800bps@11.0592MHz
   9          {
  10   1        PCON |= 0x80;   //使能波特率倍速位SMOD
  11   1        SCON = 0x50;    //8位数据,可变波特率
  12   1        TMOD &= 0x0F;   //设置定时器模式
  13   1        TMOD |= 0x20;   //设置定时器模式
  14   1        TL1 = 0xF4;     //设置定时初始值
  15   1        TH1 = 0xF4;     //设置定时重载值
  16   1        ET1 = 0;      //禁止定时器中断
  17   1        TR1 = 1;      //定时器1开始计时
  18   1      }
  19          
  20          
  21          
  22          /*
  23          * @brift: 串口发送一个字节数据
  24          * @param: Byte - 要发送的数据字节
  25          * @return: 无
  26          */
  27          void UART_sendBYTE(unsigned char Byte)
  28          {
  29   1        SBUF=Byte;
  30   1        while(TI==0);//检测是否发送完数据，因为发送完数据之后TI=1
  31   1        TI=0;//软件复位
  32   1      }
  33          
  34          //串口在中断模板
  35          /*
  36          void UART_routine(void) interrupt 4
  37          {
  38            if(RI==1)
  39            {
  40              //接收数据处理
  41              
  42              RI=0;
  43            }
  44          }
  45          */


MODULE INFORMATION:   STATIC OVERLAYABLE
   CODE SIZE        =     31    ----
   CONSTANT SIZE    =   ----    ----
   XDATA SIZE       =   ----    ----
   PDATA SIZE       =   ----    ----
   DATA SIZE        =   ----    ----
   IDATA SIZE       =   ----    ----
C51 COMPILER V9.60.7.0   UART                                                              10/18/2025 18:55:26 PAGE 2   

   BIT SIZE         =   ----    ----
END OF MODULE INFORMATION.


C51 COMPILATION COMPLETE.  0 WARNING(S),  0 ERROR(S)
