C51 COMPILER V9.60.7.0   MAIN                                                              10/02/2025 22:02:04 PAGE 1   


C51 COMPILER V9.60.7.0, COMPILATION OF MODULE MAIN
OBJECT MODULE PLACED IN .\Objects\main.obj
COMPILER INVOKED BY: B:\keil5\C51\BIN\C51.EXE main.c OPTIMIZE(8,SPEED) BROWSE DEBUG OBJECTEXTEND PRINT(.\Listings\main.l
                    -st) TABS(2) OBJECT(.\Objects\main.obj)

line level    source

   1          #include <REGX52.H>
   2          #include "LCD1602.h"
   3          #include "Delay.h"
   4          #include "Mixtri Keyboard.h"
   5          
   6          unsigned long int input;
   7          int password=5201;
   8          
   9          void main(void)
  10          
  11          {
  12   1          char keynum=-1;
  13   1          LCD_Init();
  14   1          LCD_ShowString(1,1,"Password:");
  15   1          
  16   1          
  17   1          
  18   1          while(1)
  19   1          {
  20   2            keynum=Mix_key_num();
  21   2            if(keynum!=-1 && keynum<=10)
  22   2            {
  23   3              input+=keynum;
  24   3              input*=10;
  25   3            
  26   3              
  27   3              LCD_ShowNum(2,1,input/10,4);
  28   3            }
  29   2              
  30   2            if(input>10000)
  31   2            {
  32   3                if(keynum==11)
  33   3                {
  34   4                input/=10;
  35   4                  if(input==password)
  36   4                  {
  37   5                    LCD_Init();
  38   5                    LCD_ShowString(1,1," Happy Birthday ");
  39   5                    LCD_ShowString(2,1,"to Yuan Zhenguo!");
  40   5                    while(1);
  41   5                  }
  42   4                  else
  43   4                  {
  44   5                    LCD_ShowString(1,1,"  Wrong Password  ");
  45   5                    LCD_ShowString(2,1,"   Try Again!    ");
  46   5                    Delay(1000);
  47   5                    LCD_Init();
  48   5                    LCD_ShowString(1,1,"Password:");
  49   5                    input=0;
  50   5                  }
  51   4                  
  52   4              }
  53   3            }
  54   2      
C51 COMPILER V9.60.7.0   MAIN                                                              10/02/2025 22:02:04 PAGE 2   

  55   2            if(keynum==12)
  56   2            {
  57   3              input=0;
  58   3              LCD_Init();
  59   3              LCD_ShowString(1,1,"Password:");
  60   3            }
  61   2              
  62   2          }
  63   1      }


MODULE INFORMATION:   STATIC OVERLAYABLE
   CODE SIZE        =    318    ----
   CONSTANT SIZE    =     81    ----
   XDATA SIZE       =   ----    ----
   PDATA SIZE       =   ----    ----
   DATA SIZE        =      6       1
   IDATA SIZE       =   ----    ----
   BIT SIZE         =   ----    ----
END OF MODULE INFORMATION.


C51 COMPILATION COMPLETE.  0 WARNING(S),  0 ERROR(S)
