C51 COMPILER V9.60.7.0   MAIN                                                              10/16/2025 23:09:27 PAGE 1   


C51 COMPILER V9.60.7.0, COMPILATION OF MODULE MAIN
OBJECT MODULE PLACED IN .\Objects\main.obj
COMPILER INVOKED BY: B:\keil5\C51\BIN\C51.EXE main.c OPTIMIZE(8,SPEED) BROWSE DEBUG OBJECTEXTEND PRINT(.\Listings\main.l
                    -st) TABS(2) OBJECT(.\Objects\main.obj)

line level    source

   1          #include <REGX52.H>
   2          #include "delay.h"
   3          #include "LCD1602.h"
   4          #include "xpt2046.h"
   5          
   6          unsigned int ADValue1;
   7          unsigned int ADValue2;
   8          unsigned int ADValue3;
   9          
  10          void main()
  11          {
  12   1        LCD_Init();
  13   1        LCD_ShowString(1,1,"ADJ");
  14   1        LCD_ShowString(1,7,"NTC");
  15   1        LCD_ShowString(1,12,"GR");
  16   1        while(1)
  17   1        {
  18   2          ADValue1 = XPT2046_ReadAD(XPT2046_XP);
  19   2          ADValue2 = XPT2046_ReadAD(XPT2046_YP);
  20   2          ADValue3 = XPT2046_ReadAD(XPT2046_VBAT);
  21   2          LCD_ShowNum(2,1,ADValue1,4);
  22   2          LCD_ShowNum(2,7,ADValue2,4);
  23   2          LCD_ShowNum(2,12,ADValue3,4);
  24   2          Delay(10);
  25   2        }
  26   1      }


MODULE INFORMATION:   STATIC OVERLAYABLE
   CODE SIZE        =    120    ----
   CONSTANT SIZE    =     11    ----
   XDATA SIZE       =   ----    ----
   PDATA SIZE       =   ----    ----
   DATA SIZE        =      6    ----
   IDATA SIZE       =   ----    ----
   BIT SIZE         =   ----    ----
END OF MODULE INFORMATION.


C51 COMPILATION COMPLETE.  0 WARNING(S),  0 ERROR(S)
