C51 COMPILER V9.60.7.0   FUNCTION                                                          10/18/2025 13:48:56 PAGE 1   


C51 COMPILER V9.60.7.0, COMPILATION OF MODULE FUNCTION
OBJECT MODULE PLACED IN .\Objects\function.obj
COMPILER INVOKED BY: B:\keil5\C51\BIN\C51.EXE function.c OPTIMIZE(8,SPEED) BROWSE DEBUG OBJECTEXTEND PRINT(.\Listings\fu
                    -nction.lst) TABS(2) OBJECT(.\Objects\function.obj)

line level    source

   1          #include <REGX52.H>
   2          #include "Delay.h"
   3          #include "Mixtri Keyboard.h"
   4          #include "matrixled.h"
   5          
   6          // 合并数字图案为二维数组，便于索引和维护
   7          unsigned char code digits[10][8] = {
   8              {0x00,0x00,0x7E,0x81,0x81,0x7E,0x00,0x00}, // 0
   9              {0x00,0x00,0x41,0xFF,0xFF,0x01,0x00,0x00}, // 1
  10              {0x00,0x41,0x83,0x85,0x89,0x71,0x00,0x00}, // 2
  11              {0x00,0x42,0x81,0x89,0x89,0x76,0x00,0x00}, // 3
  12              {0x00,0x18,0x78,0x08,0xFF,0x08,0x08,0x00}, // 4
  13              {0x00,0x08,0xF1,0x51,0x51,0x0E,0x00,0x00}, // 5
  14              {0x00,0x7E,0x91,0x91,0x91,0x4E,0x00,0x00}, // 6
  15              {0x00,0x80,0x80,0x81,0x8C,0xE0,0x00,0x00}, // 7
  16              {0x00,0x6E,0x91,0x91,0x91,0x6E,0x00,0x00}, // 8
  17              {0x00,0x72,0x89,0x89,0x89,0x7E,0x00,0x00}  // 9
  18          };
  19          
  20          unsigned char code A_zimo[8] = {0x00,0x01,0x04,0x18,0x48,0xFF,0x00,0x00};
  21          unsigned char code S_zimo[8] = {0x00,0x66,0x91,0x89,0x89,0x66,0x00,0x00};
  22          unsigned char code C_zimo[8] = {0x00,0x7E,0x81,0x81,0x81,0x81,0x66,0x00};
  23          
  24          void control_matrix_led()
  25          {
  26   1          unsigned char mixkey_num, i;
  27   1          mixkey_num = Mix_key_num();
  28   1      
  29   1          // 如果是数字 0..9，直接从 digits 表中取图案
  30   1          if(mixkey_num <= 9)
  31   1          {
  32   2              
  33   2              for(i = 0; i < 8; i++)
  34   2              {
  35   3                  MatrixLED_ShowColumn(i, digits[mixkey_num][i]);
  36   3                  Delayms(2);
  37   3              }
  38   2              
  39   2          }
  40   1      
  41   1          // 处理字母或特殊键
  42   1          switch(mixkey_num)
  43   1          {
  44   2              case 11:
  45   2                  for(i = 0; i < 8; i++) { MatrixLED_ShowColumn(i, A_zimo[i]); Delayms(2); }
  46   2                  break;
  47   2              case 12:
  48   2                  for(i = 0; i < 8; i++) { MatrixLED_ShowColumn(i, S_zimo[i]); Delayms(2); }
  49   2                  break;
  50   2              case 13:
  51   2                  for(i = 0; i < 8; i++) { MatrixLED_ShowColumn(i, C_zimo[i]); Delayms(2); }
  52   2                  break;
  53   2              default:
  54   2                  // 未定义或无按键时，可选择清空或保持当前显示，此处不改变显示
C51 COMPILER V9.60.7.0   FUNCTION                                                          10/18/2025 13:48:56 PAGE 2   

  55   2                  break;
  56   2          }
  57   1      }


MODULE INFORMATION:   STATIC OVERLAYABLE
   CODE SIZE        =    174    ----
   CONSTANT SIZE    =    104    ----
   XDATA SIZE       =   ----    ----
   PDATA SIZE       =   ----    ----
   DATA SIZE        =   ----       2
   IDATA SIZE       =   ----    ----
   BIT SIZE         =   ----    ----
END OF MODULE INFORMATION.


C51 COMPILATION COMPLETE.  0 WARNING(S),  0 ERROR(S)
