C51 COMPILER V9.60.7.0   FUNCTION                                                          10/18/2025 11:09:34 PAGE 1   


C51 COMPILER V9.60.7.0, COMPILATION OF MODULE FUNCTION
OBJECT MODULE PLACED IN .\Objects\function.obj
COMPILER INVOKED BY: B:\keil5\C51\BIN\C51.EXE function.c OPTIMIZE(8,SPEED) BROWSE DEBUG OBJECTEXTEND PRINT(.\Listings\fu
                    -nction.lst) TABS(2) OBJECT(.\Objects\function.obj)

line level    source

   1          #include <REGX52.H>
   2          #include "Timer0.h"
   3          
   4          unsigned char stream_i=0;
   5          
   6          
   7          /*
   8          *@brief  非阻塞流水灯函数
   9          */
  10          void led_stream()
  11          {
  12   1          if(stream_i>=8)
  13   1          {
  14   2              stream_i=0;
  15   2          }
  16   1          P2=~(0x01<<stream_i);
  17   1          
  18   1      }
  19          
  20          void Timer0_Routine() interrupt 1
  21          {
  22   1        static unsigned int T0Count=0;
  23   1        
  24   1        TL0 = 0x66;       //设置定时初始值
  25   1        TH0 = 0xfc;       //设置定时初始值
  26   1        //这里再赋初始值是因为如果第一次溢出之后
  27   1        //寄存器就会从零开始+1；时间就不是1ms了
  28   1        
  29   1        T0Count++;
  30   1        if(T0Count>=1000)
  31   1        {
  32   2          T0Count=0;
  33   2      
  34   2          stream_i++;//每隔1秒流水灯移动一次
  35   2      
  36   2        }
  37   1      }


MODULE INFORMATION:   STATIC OVERLAYABLE
   CODE SIZE        =     67    ----
   CONSTANT SIZE    =   ----    ----
   XDATA SIZE       =   ----    ----
   PDATA SIZE       =   ----    ----
   DATA SIZE        =      3    ----
   IDATA SIZE       =   ----    ----
   BIT SIZE         =   ----    ----
END OF MODULE INFORMATION.


C51 COMPILATION COMPLETE.  0 WARNING(S),  0 ERROR(S)
