C51 COMPILER V9.60.7.0   DELAY                                                             10/03/2025 16:51:15 PAGE 1   


C51 COMPILER V9.60.7.0, COMPILATION OF MODULE DELAY
OBJECT MODULE PLACED IN .\Objects\Delay.obj
COMPILER INVOKED BY: B:\keil5\C51\BIN\C51.EXE Delay.c OPTIMIZE(8,SPEED) BROWSE DEBUG OBJECTEXTEND PRINT(.\Listings\Delay
                    -.lst) TABS(2) OBJECT(.\Objects\Delay.obj)

line level    source

   1          #include <REGX52.H>
   2          
   3          
   4          void Delay(int xms) //@12.000MHz
   5          {
   6   1        while(xms--){
   7   2              unsigned char data i, j;
   8   2      
   9   2              i = 2;
  10   2              j = 239;
  11   2              do
  12   2              {
  13   3                  while (--j);
  14   3              } while (--i);
  15   2          }
  16   1      
  17   1      }


MODULE INFORMATION:   STATIC OVERLAYABLE
   CODE SIZE        =     25    ----
   CONSTANT SIZE    =   ----    ----
   XDATA SIZE       =   ----    ----
   PDATA SIZE       =   ----    ----
   DATA SIZE        =   ----       2
   IDATA SIZE       =   ----    ----
   BIT SIZE         =   ----    ----
END OF MODULE INFORMATION.


C51 COMPILATION COMPLETE.  0 WARNING(S),  0 ERROR(S)
