C51 COMPILER V9.60.7.0   MAIN                                                              10/03/2025 17:33:35 PAGE 1   


C51 COMPILER V9.60.7.0, COMPILATION OF MODULE MAIN
OBJECT MODULE PLACED IN .\Objects\main.obj
COMPILER INVOKED BY: B:\keil5\C51\BIN\C51.EXE main.c OPTIMIZE(8,SPEED) BROWSE DEBUG OBJECTEXTEND PRINT(.\Listings\main.l
                    -st) TABS(2) OBJECT(.\Objects\main.obj)

line level    source

   1          #include <REGX52.H>
   2          #include "Timer0.h"
   3          #include "Key.h"
   4          #include <intrins.h>
   5          
   6          unsigned char keynumber;
   7          char flag;
   8          
   9          void main()
  10          {
  11   1          P2=0xfe;
  12   1          Timer0_Init();
  13   1          while(1)
  14   1          {
  15   2            keynumber = Key();
  16   2            if(keynumber)
  17   2            {
  18   3              if(keynumber==1)
  19   3              {
  20   4                flag++;
  21   4                if(flag>=2)
  22   4                {
  23   5                  flag=0;
  24   5                }
  25   4              }
  26   3              if(keynumber==2){P2_1=~P2_1;}
  27   3              if(keynumber==3){P2_2=~P2_2;}
  28   3              if(keynumber==4){P2_3=~P2_3;}
  29   3            }
  30   2          }
  31   1      }
  32          
  33          void Timer0_Routine() interrupt 1
  34          {
  35   1        static unsigned int T0Count=0;
  36   1        
  37   1        TL0 = 0x18;       //设置定时初始值
  38   1        TH0 = 0xfc;       //设置定时初始值
  39   1        //这里再赋初始值是因为如果第一次溢出之后
  40   1        //寄存器就会从零开始+1；时间就不是1ms了
  41   1        
  42   1        T0Count++;
  43   1        if(T0Count>=1000)
  44   1        {
  45   2          T0Count=0;
  46   2      
  47   2          if(flag==0)
  48   2          {
  49   3            P2=_crol_(P2,1);
  50   3          }
  51   2          if(flag==1)
  52   2          {
  53   3            P2=_cror_(P2,1);
  54   3          }
C51 COMPILER V9.60.7.0   MAIN                                                              10/03/2025 17:33:35 PAGE 2   

  55   2            
  56   2      
  57   2        }
  58   1      }


MODULE INFORMATION:   STATIC OVERLAYABLE
   CODE SIZE        =    139    ----
   CONSTANT SIZE    =   ----    ----
   XDATA SIZE       =   ----    ----
   PDATA SIZE       =   ----    ----
   DATA SIZE        =      4    ----
   IDATA SIZE       =   ----    ----
   BIT SIZE         =   ----    ----
END OF MODULE INFORMATION.


C51 COMPILATION COMPLETE.  0 WARNING(S),  0 ERROR(S)
