C51 COMPILER V9.60.7.0   STT_VIEW                                                          10/01/2025 21:16:15 PAGE 1   


C51 COMPILER V9.60.7.0, COMPILATION OF MODULE STT_VIEW
OBJECT MODULE PLACED IN .\Objects\STT View.obj
COMPILER INVOKED BY: B:\keil5\C51\BIN\C51.EXE STT View.c OPTIMIZE(8,SPEED) BROWSE DEBUG OBJECTEXTEND PRINT(.\Listings\ST
                    -T View.lst) TABS(2) OBJECT(.\Objects\STT View.obj)

line level    source

   1          #include <REGX52.H>
   2          #include "LCD1602.h"
   3          
   4          void stt_display1()
   5          {
   6   1          LCD_ShowString(1,1,"                ");
   7   1          LCD_ShowString(2,1,"                ");
   8   1          while(1)
   9   1          {
  10   2              LCD_ShowString(1,1,"-> Timer");
  11   2              LCD_ShowString(2,1,"   Birthday");
  12   2          }
  13   1      }
  14          void stt_display2()
  15          {
  16   1          LCD_ShowString(1,1,"                ");
  17   1          LCD_ShowString(2,1,"                ");    
  18   1          while(1)
  19   1          {
  20   2              LCD_ShowString(1,1,"   Timer");
  21   2              LCD_ShowString(2,1,"-> Birthday");
  22   2          }
  23   1      }


MODULE INFORMATION:   STATIC OVERLAYABLE
   CODE SIZE        =    108    ----
   CONSTANT SIZE    =     59    ----
   XDATA SIZE       =   ----    ----
   PDATA SIZE       =   ----    ----
   DATA SIZE        =   ----    ----
   IDATA SIZE       =   ----    ----
   BIT SIZE         =   ----    ----
END OF MODULE INFORMATION.


C51 COMPILATION COMPLETE.  0 WARNING(S),  0 ERROR(S)
