C51 COMPILER V9.60.7.0   TIMER                                                             10/01/2025 21:18:14 PAGE 1   


C51 COMPILER V9.60.7.0, COMPILATION OF MODULE TIMER
OBJECT MODULE PLACED IN .\Objects\Timer.obj
COMPILER INVOKED BY: B:\keil5\C51\BIN\C51.EXE Timer.c OPTIMIZE(8,SPEED) BROWSE DEBUG OBJECTEXTEND PRINT(.\Listings\Timer
                    -.lst) TABS(2) OBJECT(.\Objects\Timer.obj)

line level    source

   1          #include <REGX52.H>
   2          #include "Delay.h"
   3          #include "LCD1602.h"
   4          
   5          void Timer_view(int flag)
   6          {
   7   1          int sec = 0;
   8   1          int min = 0;
   9   1          int hr = 0;
  10   1      
  11   1          LCD_ShowString(1,1,"                ");
  12   1          LCD_ShowString(2,1,"                ");
  13   1          while(1)
  14   1          {
  15   2              Delay(1000); // 延时1秒
  16   2              if(sec < 59)
  17   2                  sec++;
  18   2              else
  19   2              {
  20   3                  sec = 0;
  21   3                  if(min < 59)
  22   3                      min++;
  23   3                  else
  24   3                  {
  25   4                      min = 0;
  26   4                      if(hr < 23)
  27   4                          hr++;
  28   4                      else
  29   4                          hr = 0;
  30   4                  }
  31   3              }
  32   2              // 显示时间
  33   2              LCD_ShowNum(2, 4, hr, 2);
  34   2              LCD_ShowString(2, 5, ":"); 
  35   2              LCD_ShowNum(2, 7, min, 2);
  36   2              LCD_ShowString(2, 8, ":");
  37   2              LCD_ShowNum(2, 9, sec, 2);
  38   2              if(flag == 0) // 检测到返回主界面标志
  39   2              {
  40   3                  flag = 0; // 重置标志
  41   3                  break;
  42   3              }
  43   2          }
  44   1      }
  45          
  46          void Timer_InitView()
  47          {
  48   1          LCD_ShowString(1,1,"                ");
  49   1          LCD_ShowString(2,1,"                ");
  50   1          while(1)
  51   1          {
  52   2              LCD_ShowString(1, 1, "   Timer   ");
  53   2              LCD_ShowString(2, 1, "  00:00:00 ");
  54   2          }
C51 COMPILER V9.60.7.0   TIMER                                                             10/01/2025 21:18:14 PAGE 2   

  55   1      }


MODULE INFORMATION:   STATIC OVERLAYABLE
   CODE SIZE        =    270    ----
   CONSTANT SIZE    =     43    ----
   XDATA SIZE       =   ----    ----
   PDATA SIZE       =   ----    ----
   DATA SIZE        =   ----       8
   IDATA SIZE       =   ----    ----
   BIT SIZE         =   ----    ----
END OF MODULE INFORMATION.


C51 COMPILATION COMPLETE.  0 WARNING(S),  0 ERROR(S)
